<?xml version="1.0" encoding="UTF-8"?>
<!-- Generated by org.testng.reporters.JUnitReportReporter -->
<testsuite skipped="0" hostname="DESKTOP-GOJ5L9I" name="regressionTest.Login" tests="2" failures="0" timestamp="14 May 2019 00:54:32 GMT" time="8.387" errors="0">
  <testcase name="LoginPage" time="4.027" classname="regressionTest.Login"/>
  <testcase name="LoginPage" time="4.360" classname="regressionTest.Login"/>
</testsuite> <!-- regressionTest.Login -->
