<?xml version="1.0" encoding="UTF-8"?>
<!-- Generated by org.testng.reporters.JUnitReportReporter -->
<testsuite skipped="0" hostname="DESKTOP-GOJ5L9I" name="regressionTest.LoginPOM" tests="1" failures="0" timestamp="04 May 2019 15:35:22 GMT" time="1.713" errors="0">
  <testcase name="Login" time="1.713" classname="regressionTest.LoginPOM"/>
</testsuite> <!-- regressionTest.LoginPOM -->
