<?xml version="1.0" encoding="UTF-8"?>
<!-- Generated by org.testng.reporters.JUnitReportReporter -->
<testsuite skipped="0" hostname="DESKTOP-GOJ5L9I" name="regressionTest.NewTest" tests="1" failures="0" timestamp="12 Dec 2018 01:36:00 GMT" time="0.007" errors="0">
  <testcase name="test1" time="0.007" classname="regressionTest.NewTest"/>
</testsuite> <!-- regressionTest.NewTest -->
